<?xml version="1.0" encoding="UTF-8"?>
<!-- Generated by org.testng.reporters.JUnitReportReporter -->
<testsuite skipped="0" hostname="LAPTOP-QU78A22Q" name="testng.demo1" tests="1" failures="0" timestamp="2022-01-26T15:26:12 PST" time="0.015" errors="0">
  <testcase name="testapp" time="0.015" classname="testng.demo1"/>
  <system-out/>
</testsuite> <!-- testng.demo1 -->
